sudo ./setup.sh
allexport       off
braceexpand     on
emacs           off
errexit         on
errtrace        off
functrace       off
hashall         on
histexpand      off
history         off
ignoreeof       off
interactive-comments    on
keyword         off
monitor         off
noclobber       off
noexec          off
noglob          off
nolog           off
notify          off
nounset         on
onecmd          off
physical        off
pipefail        off
posix           off
privileged      off
verbose         off
vi              off
xtrace          on
+ echo 'Setting up UFW ports...'
Setting up UFW ports...
+ ufw allow 22
Rules updated
Rules updated (v6)
+ ufw allow 443
Rules updated
Rules updated (v6)
+ ufw allow in on lo to any
Rules updated
Rules updated (v6)
+ ufw allow out on lo to any
Rules updated
Rules updated (v6)
+ ufw enable
Command may disrupt existing ssh connections. Proceed with operation (y|n)? y
Firewall is active and enabled on system startup
+ ufw status
Status: active

To                         Action      From
--                         ------      ----
22                         ALLOW       Anywhere
443                        ALLOW       Anywhere
Anywhere on lo             ALLOW       Anywhere
22 (v6)                    ALLOW       Anywhere (v6)
443 (v6)                   ALLOW       Anywhere (v6)
Anywhere (v6) on lo        ALLOW       Anywhere (v6)

Anywhere                   ALLOW OUT   Anywhere on lo
Anywhere (v6)              ALLOW OUT   Anywhere (v6) on lo

+ echo 'Downloading Hashicorp Vault...'
Downloading Hashicorp Vault...
+ curl -fsSL https://apt.releases.hashicorp.com/gpg
+ apt-key add -
OK
+ echo 'Adding Hashicorp Vault repo...'
Adding Hashicorp Vault repo...
++ lsb_release -cs
+ apt-add-repository 'deb [arch=amd64] https://apt.releases.hashicorp.com focal main'
Get:1 https://apt.releases.hashicorp.com focal InRelease [9,495 B]
Hit:2 http://us.archive.ubuntu.com/ubuntu focal InRelease
Get:3 http://us.archive.ubuntu.com/ubuntu focal-updates InRelease [114 kB]
Get:4 https://apt.releases.hashicorp.com focal/main amd64 Packages [41.1 kB]
Get:5 http://us.archive.ubuntu.com/ubuntu focal-backports InRelease [108 kB]
Get:6 http://us.archive.ubuntu.com/ubuntu focal-security InRelease [114 kB]
Get:7 http://us.archive.ubuntu.com/ubuntu focal-updates/main amd64 Packages [1,400 kB]
Get:8 http://us.archive.ubuntu.com/ubuntu focal-updates/universe amd64 Packages [884 kB]
Get:9 http://us.archive.ubuntu.com/ubuntu focal-security/main amd64 Packages [1,069 kB]
Get:10 http://us.archive.ubuntu.com/ubuntu focal-security/universe amd64 Packages [668 kB]
Fetched 4,407 kB in 2s (2,036 kB/s)
Reading package lists... Done
+ echo 'Installing Hashicorp Vault repo...'
Installing Hashicorp Vault repo...
+ apt update
Hit:1 https://apt.releases.hashicorp.com focal InRelease
Hit:2 http://us.archive.ubuntu.com/ubuntu focal InRelease
Hit:3 http://us.archive.ubuntu.com/ubuntu focal-updates InRelease
Hit:4 http://us.archive.ubuntu.com/ubuntu focal-backports InRelease
Hit:5 http://us.archive.ubuntu.com/ubuntu focal-security InRelease
Reading package lists... Done
Building dependency tree
Reading state information... Done
The following NEW packages will be installed:
  vault
0 upgraded, 1 newly installed, 0 to remove and 0 not upgraded.
Need to get 69.4 MB of archives.
After this operation, 188 MB of additional disk space will be used.
Get:1 https://apt.releases.hashicorp.com focal/main amd64 vault amd64 1.9.2 [69.4 MB]
Fetched 69.4 MB in 3s (24.3 MB/s)
Selecting previously unselected package vault.
(Reading database ... 40620 files and directories currently installed.)
Preparing to unpack .../archives/vault_1.9.2_amd64.deb ...
Unpacking vault (1.9.2) ...
Setting up vault (1.9.2) ...
Generating Vault TLS key and self-signed certificate...
Generating a RSA private key
.....................................................................................................................................................................++++
..................................................................................................................................................................++++
writing new private key to 'tls.key'
-----
Vault TLS key and self-signed certificate have been generated in '/opt/vault/tls'.
+ echo 'Installing EngineX...'
Installing EngineX...
+ apt install -y nginx
Reading package lists... Done
Building dependency tree
Reading state information... Done
The following additional packages will be installed:
  fontconfig-config fonts-dejavu-core libfontconfig1 libgd3 libjbig0
  libjpeg-turbo8 libjpeg8 libnginx-mod-http-image-filter
  libnginx-mod-http-xslt-filter libnginx-mod-mail libnginx-mod-stream libtiff5
  libwebp6 libx11-6 libx11-data libxau6 libxcb1 libxdmcp6 libxpm4 nginx-common
  nginx-core
Suggested packages:
  libgd-tools fcgiwrap nginx-doc ssl-cert
The following NEW packages will be installed:
  fontconfig-config fonts-dejavu-core libfontconfig1 libgd3 libjbig0
  libjpeg-turbo8 libjpeg8 libnginx-mod-http-image-filter
  libnginx-mod-http-xslt-filter libnginx-mod-mail libnginx-mod-stream libtiff5
  libwebp6 libx11-6 libx11-data libxau6 libxcb1 libxdmcp6 libxpm4 nginx
  nginx-common nginx-core
0 upgraded, 22 newly installed, 0 to remove and 0 not upgraded.
Need to get 3,183 kB of archives.
After this operation, 11.1 MB of additional disk space will be used.
Get:1 http://us.archive.ubuntu.com/ubuntu focal/main amd64 libxau6 amd64 1:1.0.9-0ubuntu1 [7,488 B]
Get:2 http://us.archive.ubuntu.com/ubuntu focal/main amd64 libxdmcp6 amd64 1:1.1.3-0ubuntu1 [10.6 kB]
Get:3 http://us.archive.ubuntu.com/ubuntu focal/main amd64 libxcb1 amd64 1.14-2 [44.7 kB]
Get:4 http://us.archive.ubuntu.com/ubuntu focal-updates/main amd64 libx11-data all 2:1.6.9-2ubuntu1.2 [113 kB]
Get:5 http://us.archive.ubuntu.com/ubuntu focal-updates/main amd64 libx11-6 amd64 2:1.6.9-2ubuntu1.2 [575 kB]
Get:6 http://us.archive.ubuntu.com/ubuntu focal/main amd64 fonts-dejavu-core all 2.37-1 [1,041 kB]
Get:7 http://us.archive.ubuntu.com/ubuntu focal/main amd64 fontconfig-config all 2.13.1-2ubuntu3 [28.8 kB]
Get:8 http://us.archive.ubuntu.com/ubuntu focal/main amd64 libfontconfig1 amd64 2.13.1-2ubuntu3 [114 kB]
Get:9 http://us.archive.ubuntu.com/ubuntu focal-updates/main amd64 libjpeg-turbo8 amd64 2.0.3-0ubuntu1.20.04.1 [117 kB]
Get:10 http://us.archive.ubuntu.com/ubuntu focal/main amd64 libjpeg8 amd64 8c-2ubuntu8 [2,194 B]
Get:11 http://us.archive.ubuntu.com/ubuntu focal/main amd64 libjbig0 amd64 2.1-3.1build1 [26.7 kB]
Get:12 http://us.archive.ubuntu.com/ubuntu focal-updates/main amd64 libwebp6 amd64 0.6.1-2ubuntu0.20.04.1 [185 kB]
Get:13 http://us.archive.ubuntu.com/ubuntu focal-updates/main amd64 libtiff5 amd64 4.1.0+git191117-2ubuntu0.20.04.2 [162 kB]
Get:14 http://us.archive.ubuntu.com/ubuntu focal/main amd64 libxpm4 amd64 1:3.5.12-1 [34.0 kB]
Get:15 http://us.archive.ubuntu.com/ubuntu focal-updates/main amd64 libgd3 amd64 2.2.5-5.2ubuntu2.1 [118 kB]
Get:16 http://us.archive.ubuntu.com/ubuntu focal-updates/main amd64 nginx-common all 1.18.0-0ubuntu1.2 [37.5 kB]
Get:17 http://us.archive.ubuntu.com/ubuntu focal-updates/main amd64 libnginx-mod-http-image-filter amd64 1.18.0-0ubuntu1.2 [14.4 kB]
Get:18 http://us.archive.ubuntu.com/ubuntu focal-updates/main amd64 libnginx-mod-http-xslt-filter amd64 1.18.0-0ubuntu1.2 [12.7 kB]
Get:19 http://us.archive.ubuntu.com/ubuntu focal-updates/main amd64 libnginx-mod-mail amd64 1.18.0-0ubuntu1.2 [42.5 kB]
Get:20 http://us.archive.ubuntu.com/ubuntu focal-updates/main amd64 libnginx-mod-stream amd64 1.18.0-0ubuntu1.2 [67.3 kB]
Get:21 http://us.archive.ubuntu.com/ubuntu focal-updates/main amd64 nginx-core amd64 1.18.0-0ubuntu1.2 [425 kB]
Get:22 http://us.archive.ubuntu.com/ubuntu focal-updates/main amd64 nginx all 1.18.0-0ubuntu1.2 [3,620 B]
Fetched 3,183 kB in 1s (3,139 kB/s)
Preconfiguring packages ...
Selecting previously unselected package libxau6:amd64.
(Reading database ... 40626 files and directories currently installed.)
Preparing to unpack .../00-libxau6_1%3a1.0.9-0ubuntu1_amd64.deb ...
Unpacking libxau6:amd64 (1:1.0.9-0ubuntu1) ...
Selecting previously unselected package libxdmcp6:amd64.
Preparing to unpack .../01-libxdmcp6_1%3a1.1.3-0ubuntu1_amd64.deb ...
Unpacking libxdmcp6:amd64 (1:1.1.3-0ubuntu1) ...
Selecting previously unselected package libxcb1:amd64.
Preparing to unpack .../02-libxcb1_1.14-2_amd64.deb ...
Unpacking libxcb1:amd64 (1.14-2) ...
Selecting previously unselected package libx11-data.
Preparing to unpack .../03-libx11-data_2%3a1.6.9-2ubuntu1.2_all.deb ...
Unpacking libx11-data (2:1.6.9-2ubuntu1.2) ...
Selecting previously unselected package libx11-6:amd64.
Preparing to unpack .../04-libx11-6_2%3a1.6.9-2ubuntu1.2_amd64.deb ...
Unpacking libx11-6:amd64 (2:1.6.9-2ubuntu1.2) ...
Selecting previously unselected package fonts-dejavu-core.
Preparing to unpack .../05-fonts-dejavu-core_2.37-1_all.deb ...
Unpacking fonts-dejavu-core (2.37-1) ...
Selecting previously unselected package fontconfig-config.
Preparing to unpack .../06-fontconfig-config_2.13.1-2ubuntu3_all.deb ...
Unpacking fontconfig-config (2.13.1-2ubuntu3) ...
Selecting previously unselected package libfontconfig1:amd64.
Preparing to unpack .../07-libfontconfig1_2.13.1-2ubuntu3_amd64.deb ...
Unpacking libfontconfig1:amd64 (2.13.1-2ubuntu3) ...
Selecting previously unselected package libjpeg-turbo8:amd64.
Preparing to unpack .../08-libjpeg-turbo8_2.0.3-0ubuntu1.20.04.1_amd64.deb ...
Unpacking libjpeg-turbo8:amd64 (2.0.3-0ubuntu1.20.04.1) ...
Selecting previously unselected package libjpeg8:amd64.
Preparing to unpack .../09-libjpeg8_8c-2ubuntu8_amd64.deb ...
Unpacking libjpeg8:amd64 (8c-2ubuntu8) ...
Selecting previously unselected package libjbig0:amd64.
Preparing to unpack .../10-libjbig0_2.1-3.1build1_amd64.deb ...
Unpacking libjbig0:amd64 (2.1-3.1build1) ...
Selecting previously unselected package libwebp6:amd64.
Preparing to unpack .../11-libwebp6_0.6.1-2ubuntu0.20.04.1_amd64.deb ...
Unpacking libwebp6:amd64 (0.6.1-2ubuntu0.20.04.1) ...
Selecting previously unselected package libtiff5:amd64.
Preparing to unpack .../12-libtiff5_4.1.0+git191117-2ubuntu0.20.04.2_amd64.deb ...
Unpacking libtiff5:amd64 (4.1.0+git191117-2ubuntu0.20.04.2) ...
Selecting previously unselected package libxpm4:amd64.
Preparing to unpack .../13-libxpm4_1%3a3.5.12-1_amd64.deb ...
Unpacking libxpm4:amd64 (1:3.5.12-1) ...
Selecting previously unselected package libgd3:amd64.
Preparing to unpack .../14-libgd3_2.2.5-5.2ubuntu2.1_amd64.deb ...
Unpacking libgd3:amd64 (2.2.5-5.2ubuntu2.1) ...
Selecting previously unselected package nginx-common.
Preparing to unpack .../15-nginx-common_1.18.0-0ubuntu1.2_all.deb ...
Unpacking nginx-common (1.18.0-0ubuntu1.2) ...
Selecting previously unselected package libnginx-mod-http-image-filter.
Preparing to unpack .../16-libnginx-mod-http-image-filter_1.18.0-0ubuntu1.2_amd64.deb ...
Unpacking libnginx-mod-http-image-filter (1.18.0-0ubuntu1.2) ...
Selecting previously unselected package libnginx-mod-http-xslt-filter.
Preparing to unpack .../17-libnginx-mod-http-xslt-filter_1.18.0-0ubuntu1.2_amd64.deb ...
Unpacking libnginx-mod-http-xslt-filter (1.18.0-0ubuntu1.2) ...
Selecting previously unselected package libnginx-mod-mail.
Preparing to unpack .../18-libnginx-mod-mail_1.18.0-0ubuntu1.2_amd64.deb ...
Unpacking libnginx-mod-mail (1.18.0-0ubuntu1.2) ...
Selecting previously unselected package libnginx-mod-stream.
Preparing to unpack .../19-libnginx-mod-stream_1.18.0-0ubuntu1.2_amd64.deb ...
Unpacking libnginx-mod-stream (1.18.0-0ubuntu1.2) ...
Selecting previously unselected package nginx-core.
Preparing to unpack .../20-nginx-core_1.18.0-0ubuntu1.2_amd64.deb ...
Unpacking nginx-core (1.18.0-0ubuntu1.2) ...
Selecting previously unselected package nginx.
Preparing to unpack .../21-nginx_1.18.0-0ubuntu1.2_all.deb ...
Unpacking nginx (1.18.0-0ubuntu1.2) ...
Setting up libxau6:amd64 (1:1.0.9-0ubuntu1) ...
Setting up libxdmcp6:amd64 (1:1.1.3-0ubuntu1) ...
Setting up libxcb1:amd64 (1.14-2) ...
Setting up nginx-common (1.18.0-0ubuntu1.2) ...
Created symlink /etc/systemd/system/multi-user.target.wants/nginx.service → /lib/systemd/system/nginx.service.
Setting up libjbig0:amd64 (2.1-3.1build1) ...
Setting up libnginx-mod-http-xslt-filter (1.18.0-0ubuntu1.2) ...
Setting up libx11-data (2:1.6.9-2ubuntu1.2) ...
Setting up libwebp6:amd64 (0.6.1-2ubuntu0.20.04.1) ...
Setting up fonts-dejavu-core (2.37-1) ...
Setting up libjpeg-turbo8:amd64 (2.0.3-0ubuntu1.20.04.1) ...
Setting up libx11-6:amd64 (2:1.6.9-2ubuntu1.2) ...
Setting up libjpeg8:amd64 (8c-2ubuntu8) ...
Setting up libnginx-mod-mail (1.18.0-0ubuntu1.2) ...
Setting up libxpm4:amd64 (1:3.5.12-1) ...
Setting up fontconfig-config (2.13.1-2ubuntu3) ...
Setting up libnginx-mod-stream (1.18.0-0ubuntu1.2) ...
Setting up libtiff5:amd64 (4.1.0+git191117-2ubuntu0.20.04.2) ...
Setting up libfontconfig1:amd64 (2.13.1-2ubuntu3) ...
Setting up libgd3:amd64 (2.2.5-5.2ubuntu2.1) ...
Setting up libnginx-mod-http-image-filter (1.18.0-0ubuntu1.2) ...
Setting up nginx-core (1.18.0-0ubuntu1.2) ...
Setting up nginx (1.18.0-0ubuntu1.2) ...
Processing triggers for ufw (0.36-6ubuntu1) ...
Processing triggers for systemd (245.4-4ubuntu3.13) ...
Processing triggers for man-db (2.9.1-1) ...
Processing triggers for libc-bin (2.31-0ubuntu9.2) ...
+ echo 'Installing jq...'
Installing jq...
+ apt install -y jq
Reading package lists... Done
Building dependency tree
Reading state information... Done
The following additional packages will be installed:
  libjq1 libonig5
The following NEW packages will be installed:
  jq libjq1 libonig5
0 upgraded, 3 newly installed, 0 to remove and 0 not upgraded.
Need to get 313 kB of archives.
After this operation, 1,062 kB of additional disk space will be used.
Get:1 http://us.archive.ubuntu.com/ubuntu focal/universe amd64 libonig5 amd64 6.9.4-1 [142 kB]
Get:2 http://us.archive.ubuntu.com/ubuntu focal-updates/universe amd64 libjq1 amd64 1.6-1ubuntu0.20.04.1 [121 kB]
Get:3 http://us.archive.ubuntu.com/ubuntu focal-updates/universe amd64 jq amd64 1.6-1ubuntu0.20.04.1 [50.2 kB]
Fetched 313 kB in 1s (445 kB/s)
Selecting previously unselected package libonig5:amd64.
(Reading database ... 41134 files and directories currently installed.)
Preparing to unpack .../libonig5_6.9.4-1_amd64.deb ...
Unpacking libonig5:amd64 (6.9.4-1) ...
Selecting previously unselected package libjq1:amd64.
Preparing to unpack .../libjq1_1.6-1ubuntu0.20.04.1_amd64.deb ...
Unpacking libjq1:amd64 (1.6-1ubuntu0.20.04.1) ...
Selecting previously unselected package jq.
Preparing to unpack .../jq_1.6-1ubuntu0.20.04.1_amd64.deb ...
Unpacking jq (1.6-1ubuntu0.20.04.1) ...
Setting up libonig5:amd64 (6.9.4-1) ...
Setting up libjq1:amd64 (1.6-1ubuntu0.20.04.1) ...
Setting up jq (1.6-1ubuntu0.20.04.1) ...
Processing triggers for man-db (2.9.1-1) ...
Processing triggers for libc-bin (2.31-0ubuntu9.2) ...