sudo ./vault_init.sh
allexport       off
braceexpand     on
emacs           off
errexit         on
errtrace        off
functrace       off
hashall         on
histexpand      off
history         off
ignoreeof       off
interactive-comments    on
keyword         off
monitor         off
noclobber       off
noexec          off
noglob          off
nolog           off
notify          off
nounset         on
onecmd          off
physical        off
pipefail        off
posix           off
privileged      off
verbose         off
vi              off
xtrace          on
+ USER=vagrant
+ CONFIG_FILE=/home/vagrant/config.hcl
+ echo 'Creating /home/vagrant/config.hcl...'
Creating /home/vagrant/config.hcl...
+ tee /home/vagrant/config.hcl
storage "raft" {
  path    = "./vault/data"
  node_id = "node1"
}

listener "tcp" {
  address     = "127.0.0.1:8200"
  tls_disable = "true"
}

api_addr = "http://127.0.0.1:8200"
cluster_addr = "https://127.0.0.1:8201"
ui = true
+ echo 'Creating storage for Vault data...'
Creating storage for Vault data...
+ mkdir -p /home/vagrant/vault/data